ERROR:root:Error: [Errno 2] No such file or directory: 'ama/dataset.csv'
ERROR:root:Error: [Errno 2] No such file or directory: 'ama/dataset.csv'
DEBUG:root:Dataset loaded successfully.
DEBUG:root:Dataset loaded successfully.
DEBUG:root:Dataset loaded successfully.
DEBUG:root:Dataset loaded successfully.
DEBUG:root:Dataset loaded successfully.
DEBUG:root:Dataset loaded successfully.
DEBUG:root:Dataset loaded successfully.
DEBUG:root:Dataset loaded successfully.
DEBUG:root:Dataset loaded successfully.
DEBUG:root:Dataset loaded successfully.
DEBUG:root:Dataset loaded successfully.
DEBUG:root:Dataset loaded successfully.
DEBUG:root:Dataset loaded successfully.
DEBUG:root:Dataset loaded successfully.
DEBUG:root:Dataset loaded successfully.
DEBUG:root:Dataset loaded successfully.
DEBUG:root:Dataset loaded successfully.
DEBUG:root:Dataset loaded successfully.
DEBUG:root:Dataset loaded successfully.
DEBUG:root:Dataset loaded successfully.
DEBUG:root:Dataset loaded successfully.
DEBUG:root:Dataset loaded successfully.
ERROR:root:Error: name 'sys' is not defined
DEBUG:root:Dataset loaded successfully.
ERROR:root:Error: name 'sys' is not defined
DEBUG:root:Dataset loaded successfully.
ERROR:root:Error: name 'sys' is not defined
DEBUG:root:Dataset loaded successfully.
ERROR:root:Error: name 'sys' is not defined
DEBUG:root:Dataset loaded successfully.
DEBUG:root:Dataset loaded successfully.
DEBUG:root:Dataset loaded successfully.
DEBUG:root:Dataset loaded successfully.
DEBUG:root:Dataset loaded successfully.
DEBUG:root:Dataset loaded successfully.
DEBUG:root:Dataset loaded successfully.
DEBUG:root:Dataset loaded successfully.
DEBUG:root:Dataset loaded successfully.
DEBUG:root:Dataset loaded successfully.
DEBUG:root:Dataset loaded successfully.
DEBUG:root:Dataset loaded successfully.
DEBUG:root:Dataset loaded successfully.
DEBUG:root:Dataset loaded successfully.
DEBUG:root:Dataset loaded successfully.
DEBUG:root:Dataset loaded successfully.
DEBUG:root:Dataset loaded successfully.
DEBUG:root:Dataset loaded successfully.
DEBUG:root:Dataset loaded successfully.
DEBUG:root:Dataset loaded successfully.
DEBUG:root:Dataset loaded successfully.
DEBUG:root:Dataset loaded successfully.
DEBUG:root:Dataset loaded successfully.
DEBUG:root:Dataset loaded successfully.
DEBUG:root:Dataset loaded successfully.
DEBUG:root:Dataset loaded successfully.
DEBUG:root:Dataset loaded successfully.
DEBUG:root:Dataset loaded successfully.
DEBUG:root:Dataset loaded successfully.
DEBUG:root:Dataset loaded successfully.
DEBUG:root:Dataset loaded successfully.
DEBUG:root:Dataset loaded successfully.
DEBUG:root:Dataset loaded successfully.
DEBUG:root:Dataset loaded successfully.
DEBUG:root:Dataset loaded successfully.
DEBUG:root:Dataset loaded successfully.
DEBUG:root:Dataset loaded successfully.
DEBUG:root:Dataset loaded successfully.
DEBUG:root:Dataset loaded successfully.
DEBUG:root:Dataset loaded successfully.
DEBUG:root:Dataset loaded successfully.
DEBUG:root:Dataset loaded successfully.
DEBUG:root:Dataset loaded successfully.
DEBUG:root:Dataset loaded successfully.
DEBUG:root:Dataset loaded successfully.
DEBUG:root:Dataset loaded successfully.
DEBUG:root:Dataset loaded successfully.
DEBUG:root:Dataset loaded successfully.
DEBUG:root:Dataset loaded successfully.
DEBUG:root:Dataset loaded successfully.
DEBUG:root:Dataset loaded successfully.
DEBUG:root:Dataset loaded successfully.
DEBUG:root:Dataset loaded successfully.
DEBUG:root:Dataset loaded successfully.
DEBUG:root:Dataset loaded successfully.
DEBUG:root:Dataset loaded successfully.
DEBUG:root:Dataset loaded successfully.
DEBUG:root:Dataset loaded successfully.
DEBUG:root:Dataset loaded successfully.
DEBUG:root:Dataset loaded successfully.
DEBUG:root:Dataset loaded successfully.
DEBUG:root:Dataset loaded successfully.
DEBUG:root:Dataset loaded successfully.
DEBUG:root:Dataset loaded successfully.
DEBUG:root:Dataset loaded successfully.
DEBUG:root:Dataset loaded successfully.
DEBUG:root:Dataset loaded successfully.
DEBUG:root:Dataset loaded successfully.
DEBUG:root:Dataset loaded successfully.
DEBUG:root:Dataset loaded successfully.
DEBUG:root:Dataset loaded successfully.
ERROR:root:Error: 'utf-8' codec can't decode byte 0x92 in position 3263: invalid start byte
ERROR:root:Error: 'utf-8' codec can't decode byte 0x92 in position 3263: invalid start byte
ERROR:root:Error: 'utf-8' codec can't decode byte 0x92 in position 3263: invalid start byte
ERROR:root:Error: 'utf-8' codec can't decode byte 0x92 in position 3263: invalid start byte
ERROR:root:Error: 'utf-8' codec can't decode byte 0x92 in position 3263: invalid start byte
ERROR:root:Error: 'utf-8' codec can't decode byte 0x92 in position 3263: invalid start byte
ERROR:root:Error: 'utf-8' codec can't decode byte 0x92 in position 3263: invalid start byte
ERROR:root:Error: 'utf-8' codec can't decode byte 0x92 in position 3263: invalid start byte
ERROR:root:Error: 'utf-8' codec can't decode byte 0x92 in position 3263: invalid start byte
ERROR:root:Error: 'utf-8' codec can't decode byte 0x92 in position 3263: invalid start byte
ERROR:root:Error: 'utf-8' codec can't decode byte 0x92 in position 3263: invalid start byte
DEBUG:root:Dataset loaded successfully.
DEBUG:root:Dataset loaded successfully.
DEBUG:root:Dataset loaded successfully.
DEBUG:root:Dataset loaded successfully.
DEBUG:root:Dataset loaded successfully.
DEBUG:root:Dataset loaded successfully.
DEBUG:root:Dataset loaded successfully.
DEBUG:root:Dataset loaded successfully.
DEBUG:root:Dataset loaded successfully.
DEBUG:root:Dataset loaded successfully.
DEBUG:root:Dataset loaded successfully.
DEBUG:root:Dataset loaded successfully.
DEBUG:root:Dataset loaded successfully.
DEBUG:root:Dataset loaded successfully.
DEBUG:root:Dataset loaded successfully.
DEBUG:root:Dataset loaded successfully.
DEBUG:root:Dataset loaded successfully.
DEBUG:root:Dataset loaded successfully.
DEBUG:root:Dataset loaded successfully.
DEBUG:root:Dataset loaded successfully.
DEBUG:root:Dataset loaded successfully.
DEBUG:root:Dataset loaded successfully.
DEBUG:root:Dataset loaded successfully.
DEBUG:root:Dataset loaded successfully.
DEBUG:root:Dataset loaded successfully.
DEBUG:root:Dataset loaded successfully.
DEBUG:root:Dataset loaded successfully.
DEBUG:root:Dataset loaded successfully.
DEBUG:root:Dataset loaded successfully.
DEBUG:root:Dataset loaded successfully.
DEBUG:root:Dataset loaded successfully.
DEBUG:root:Dataset loaded successfully.
DEBUG:root:Dataset loaded successfully.
DEBUG:root:Dataset loaded successfully.
DEBUG:root:Dataset loaded successfully.
DEBUG:root:Dataset loaded successfully.
DEBUG:root:Dataset loaded successfully.
DEBUG:root:Dataset loaded successfully.
DEBUG:root:Dataset loaded successfully.
DEBUG:root:Dataset loaded successfully.
DEBUG:root:Dataset loaded successfully.
DEBUG:root:Dataset loaded successfully.
DEBUG:root:Dataset loaded successfully.
DEBUG:root:Dataset loaded successfully.
DEBUG:root:Dataset loaded successfully.
DEBUG:root:Dataset loaded successfully.
DEBUG:root:Dataset loaded successfully.
DEBUG:root:Dataset loaded successfully.
DEBUG:root:Dataset loaded successfully.
ERROR:root:Error: EOF when reading a line
DEBUG:root:Dataset loaded successfully.
DEBUG:root:Dataset loaded successfully.
DEBUG:root:Dataset loaded successfully.
ERROR:root:Error: EOF when reading a line
DEBUG:root:Dataset loaded successfully.
ERROR:root:Error: EOF when reading a line
DEBUG:root:Dataset loaded successfully.
ERROR:root:Error: EOF when reading a line
DEBUG:root:Dataset loaded successfully.
ERROR:root:Error: EOF when reading a line
DEBUG:root:Dataset loaded successfully.
ERROR:root:Error: EOF when reading a line
DEBUG:root:Dataset loaded successfully.
ERROR:root:Error: EOF when reading a line
DEBUG:root:Dataset loaded successfully.
ERROR:root:Error: EOF when reading a line
DEBUG:root:Dataset loaded successfully.
ERROR:root:Error: EOF when reading a line
DEBUG:root:Dataset loaded successfully.
ERROR:root:Error: EOF when reading a line
DEBUG:root:Dataset loaded successfully.
ERROR:root:Error: EOF when reading a line
DEBUG:root:Dataset loaded successfully.
ERROR:root:Error: EOF when reading a line
DEBUG:root:Dataset loaded successfully.
ERROR:root:Error: EOF when reading a line
DEBUG:root:Dataset loaded successfully.
DEBUG:root:Dataset loaded successfully.
DEBUG:root:Dataset loaded successfully.
DEBUG:root:Dataset loaded successfully.
DEBUG:root:Dataset loaded successfully.
DEBUG:root:Dataset loaded successfully.
DEBUG:root:Dataset loaded successfully.
DEBUG:root:Dataset loaded successfully.
DEBUG:root:Dataset loaded successfully.
DEBUG:root:Dataset loaded successfully.
ERROR:root:Error: EOF when reading a line
DEBUG:root:Dataset loaded successfully.
ERROR:root:Error: EOF when reading a line
DEBUG:root:Dataset loaded successfully.
DEBUG:root:Dataset loaded successfully.
DEBUG:root:Dataset loaded successfully.
DEBUG:root:Dataset loaded successfully.
DEBUG:root:Dataset loaded successfully.
DEBUG:root:Dataset loaded successfully.
DEBUG:root:Dataset loaded successfully.
DEBUG:root:Dataset loaded successfully.
DEBUG:root:Dataset loaded successfully.
DEBUG:root:Dataset loaded successfully.
DEBUG:root:Dataset loaded successfully.
DEBUG:root:Dataset loaded successfully.
DEBUG:root:Dataset loaded successfully.
DEBUG:root:Dataset loaded successfully.
DEBUG:root:Dataset loaded successfully.
DEBUG:root:Dataset loaded successfully.
DEBUG:root:Dataset loaded successfully.
DEBUG:root:Dataset loaded successfully.
DEBUG:root:Dataset loaded successfully.
DEBUG:root:Dataset loaded successfully.
DEBUG:root:Dataset loaded successfully.
DEBUG:root:Dataset loaded successfully.
DEBUG:root:Dataset loaded successfully.
DEBUG:root:Dataset loaded successfully.
DEBUG:root:Dataset loaded successfully.
DEBUG:root:Dataset loaded successfully.
DEBUG:root:Dataset loaded successfully.
DEBUG:root:Dataset loaded successfully.
DEBUG:root:Dataset loaded successfully.
DEBUG:root:Dataset loaded successfully.
DEBUG:root:Dataset loaded successfully.
DEBUG:root:Dataset loaded successfully.
DEBUG:root:Dataset loaded successfully.
DEBUG:root:Dataset loaded successfully.
DEBUG:root:Dataset loaded successfully.
DEBUG:root:Dataset loaded successfully.
DEBUG:root:Dataset loaded successfully.
DEBUG:root:Dataset loaded successfully.
DEBUG:root:Dataset loaded successfully.
